#
# There is insufficient memory for the Java Runtime Environment to continue.
# Native memory allocation (mmap) failed to map 100663296 bytes for G1 virtual space
# Possible reasons:
#   The system is out of physical RAM or swap space
#   The process is running with CompressedOops enabled, and the Java Heap may be blocking the growth of the native heap
# Possible solutions:
#   Reduce memory load on the system
#   Increase physical memory or swap space
#   Check if swap backing store is full
#   Decrease Java heap size (-Xmx/-Xms)
#   Decrease number of Java threads
#   Decrease Java thread stack sizes (-Xss)
#   Set larger code cache with -XX:ReservedCodeCacheSize=
#   JVM is running with Unscaled Compressed Oops mode in which the Java heap is
#     placed in the first 4GB address space. The Java Heap base address is the
#     maximum limit for the native heap growth. Please use -XX:HeapBaseMinAddress
#     to set the Java Heap base and to place the Java Heap above 4GB virtual address.
# This output file may be truncated or incomplete.
#
#  Out of Memory Error (os_windows.cpp:3557), pid=6624, tid=13636
#
# JRE version:  (17.0.6+10) (build )
# Java VM: OpenJDK 64-Bit Server VM (17.0.6+10, mixed mode, sharing, tiered, compressed oops, compressed class ptrs, g1 gc, windows-amd64)
# No core dump will be written. Minidumps are not enabled by default on client versions of Windows
#

---------------  S U M M A R Y ------------

Command Line: -Dfile.encoding=UTF-8 --module-path=C:\Users\HP\OneDrive\Documents\NetBeansProjects\Perpustakaan\build\classes View.ViewUser

Host: AMD Athlon 300U with Radeon Vega Mobile Gfx    , 4 cores, 5G,  Windows 11 , 64 bit Build 22621 (10.0.22621.1635)
Time: Thu May 18 14:13:57 2023 SE Asia Standard Time elapsed time: 0.011103 seconds (0d 0h 0m 0s)

---------------  T H R E A D  ---------------

Current thread (0x000001aca84b7380):  JavaThread "Unknown thread" [_thread_in_vm, id=13636, stack(0x000000748f400000,0x000000748f500000)]

Stack: [0x000000748f400000,0x000000748f500000]
Native frames: (J=compiled Java code, j=interpreted, Vv=VM code, C=native code)
V  [jvm.dll+0x67741a]
V  [jvm.dll+0x834434]
V  [jvm.dll+0x835bde]
V  [jvm.dll+0x836243]
V  [jvm.dll+0x2457b5]
V  [jvm.dll+0x674329]
V  [jvm.dll+0x6689da]
V  [jvm.dll+0x30489b]
V  [jvm.dll+0x30bd96]
V  [jvm.dll+0x35b57e]
V  [jvm.dll+0x35b7af]
V  [jvm.dll+0x2db778]
V  [jvm.dll+0x2dc6e4]
V  [jvm.dll+0x806131]
V  [jvm.dll+0x369331]
V  [jvm.dll+0x7e56ac]
V  [jvm.dll+0x3eb35f]
V  [jvm.dll+0x3ecea1]
C  [jli.dll+0x5267]
C  [ucrtbase.dll+0x29363]
C  [KERNEL32.DLL+0x126ad]
C  [ntdll.dll+0x5a9f8]


---------------  P R O C E S S  ---------------

Threads class SMR info:
_java_thread_list=0x00007fff39f45fd8, length=0, elements={
}

Java Threads: ( => current thread )

Other Threads:
  0x000001aca85034f0 GCTaskThread "GC Thread#0" [stack: 0x000000748f500000,0x000000748f600000] [id=6320]
  0x000001aca85101b0 ConcurrentGCThread "G1 Main Marker" [stack: 0x000000748f600000,0x000000748f700000] [id=6032]
  0x000001aca8510d20 ConcurrentGCThread "G1 Conc#0" [stack: 0x000000748f700000,0x000000748f800000] [id=19616]

[error occurred during error reporting (printing all threads), id 0xc0000005, EXCEPTION_ACCESS_VIOLATION (0xc0000005) at pc=0x00007fff3971c1e7]

VM state: not at safepoint (not fully initialized)

VM Mutex/Monitor currently owned by a thread:  ([mutex/lock_event])
[0x000001aca84b1dd0] Heap_lock - owner thread: 0x000001aca84b7380

Heap address: 0x00000000a1400000, size: 1516 MB, Compressed Oops mode: 32-bit

CDS archive(s) mapped at: [0x0000000000000000-0x0000000000000000-0x0000000000000000), size 0, SharedBaseAddress: 0x0000000800000000, ArchiveRelocationMode: 0.
Narrow klass base: 0x0000000000000000, Narrow klass shift: 0, Narrow klass range: 0x0

GC Precious Log:
<Empty>

Heap:
 garbage-first heap   total 0K, used 0K [0x00000000a1400000, 0x0000000100000000)
  region size 1024K, 0 young (0K), 0 survivors (0K)

[error occurred during error reporting (printing heap information), id 0xc0000005, EXCEPTION_ACCESS_VIOLATION (0xc0000005) at pc=0x00007fff39b006f9]

GC Heap History (0 events):
No events

Dll operation events (1 events):
Event: 0.006 Loaded shared library C:\Users\HP\AppData\Local\Programs\Eclipse Adoptium\jdk-17.0.6.10-hotspot\bin\java.dll

Deoptimization events (0 events):
No events

Classes unloaded (0 events):
No events

Classes redefined (0 events):
No events

Internal exceptions (0 events):
No events

VM Operations (0 events):
No events

Events (0 events):
No events


Dynamic libraries:
0x00007ff6ca610000 - 0x00007ff6ca61e000 	C:\Users\HP\AppData\Local\Programs\Eclipse Adoptium\jdk-17.0.6.10-hotspot\bin\java.exe
0x00007fffbf790000 - 0x00007fffbf9a4000 	C:\WINDOWS\SYSTEM32\ntdll.dll
0x00007fffbf320000 - 0x00007fffbf3e2000 	C:\WINDOWS\System32\KERNEL32.DLL
0x00007fffbd050000 - 0x00007fffbd3f3000 	C:\WINDOWS\System32\KERNELBASE.dll
0x00007fffbd400000 - 0x00007fffbd511000 	C:\WINDOWS\System32\ucrtbase.dll
0x00007fffb8560000 - 0x00007fffb8577000 	C:\Users\HP\AppData\Local\Programs\Eclipse Adoptium\jdk-17.0.6.10-hotspot\bin\jli.dll
0x00007fffabbf0000 - 0x00007fffabc09000 	C:\Users\HP\AppData\Local\Programs\Eclipse Adoptium\jdk-17.0.6.10-hotspot\bin\VCRUNTIME140.dll
0x00007fffbd640000 - 0x00007fffbd7eb000 	C:\WINDOWS\System32\USER32.dll
0x00007fffbce40000 - 0x00007fffbce66000 	C:\WINDOWS\System32\win32u.dll
0x00007fffa7790000 - 0x00007fffa7a1e000 	C:\WINDOWS\WinSxS\amd64_microsoft.windows.common-controls_6595b64144ccf1df_6.0.22621.1635_none_270f70857386168e\COMCTL32.dll
0x00007fffbe810000 - 0x00007fffbe8b7000 	C:\WINDOWS\System32\msvcrt.dll
0x00007fffbdf10000 - 0x00007fffbdf39000 	C:\WINDOWS\System32\GDI32.dll
0x00007fffbcd20000 - 0x00007fffbce38000 	C:\WINDOWS\System32\gdi32full.dll
0x00007fffbce70000 - 0x00007fffbcf0a000 	C:\WINDOWS\System32\msvcp_win.dll
0x00007fffbf4f0000 - 0x00007fffbf521000 	C:\WINDOWS\System32\IMM32.DLL
0x00007fffb84f0000 - 0x00007fffb84fc000 	C:\Users\HP\AppData\Local\Programs\Eclipse Adoptium\jdk-17.0.6.10-hotspot\bin\vcruntime140_1.dll
0x00007fff97780000 - 0x00007fff97811000 	C:\Users\HP\AppData\Local\Programs\Eclipse Adoptium\jdk-17.0.6.10-hotspot\bin\msvcp140.dll
0x00007fff39430000 - 0x00007fff3a077000 	C:\Users\HP\AppData\Local\Programs\Eclipse Adoptium\jdk-17.0.6.10-hotspot\bin\server\jvm.dll
0x00007fffbe8c0000 - 0x00007fffbe96e000 	C:\WINDOWS\System32\ADVAPI32.dll
0x00007fffbf620000 - 0x00007fffbf6c4000 	C:\WINDOWS\System32\sechost.dll
0x00007fffbdfc0000 - 0x00007fffbe0d7000 	C:\WINDOWS\System32\RPCRT4.dll
0x00007fff9d770000 - 0x00007fff9d779000 	C:\WINDOWS\SYSTEM32\WSOCK32.dll
0x00007fffb6790000 - 0x00007fffb67c4000 	C:\WINDOWS\SYSTEM32\WINMM.dll
0x00007fffb58f0000 - 0x00007fffb58fa000 	C:\WINDOWS\SYSTEM32\VERSION.dll
0x00007fffbf6d0000 - 0x00007fffbf741000 	C:\WINDOWS\System32\WS2_32.dll
0x00007fffbbc00000 - 0x00007fffbbc18000 	C:\WINDOWS\SYSTEM32\kernel.appcore.dll
0x00007fffabb70000 - 0x00007fffabb7a000 	C:\Users\HP\AppData\Local\Programs\Eclipse Adoptium\jdk-17.0.6.10-hotspot\bin\jimage.dll
0x00007fffa93f0000 - 0x00007fffa961e000 	C:\WINDOWS\SYSTEM32\DBGHELP.DLL
0x00007fffbd7f0000 - 0x00007fffbdb79000 	C:\WINDOWS\System32\combase.dll
0x00007fffbe5f0000 - 0x00007fffbe6c7000 	C:\WINDOWS\System32\OLEAUT32.dll
0x00007fff9d6e0000 - 0x00007fff9d712000 	C:\WINDOWS\SYSTEM32\dbgcore.DLL
0x00007fffbcfd0000 - 0x00007fffbd04b000 	C:\WINDOWS\System32\bcryptPrimitives.dll
0x00007fffabb80000 - 0x00007fffabba5000 	C:\Users\HP\AppData\Local\Programs\Eclipse Adoptium\jdk-17.0.6.10-hotspot\bin\java.dll

dbghelp: loaded successfully - version: 4.0.5 - missing functions: none
symbol engine: initialized successfully - sym options: 0x614 - pdb path: .;C:\Users\HP\AppData\Local\Programs\Eclipse Adoptium\jdk-17.0.6.10-hotspot\bin;C:\WINDOWS\SYSTEM32;C:\WINDOWS\WinSxS\amd64_microsoft.windows.common-controls_6595b64144ccf1df_6.0.22621.1635_none_270f70857386168e;C:\Users\HP\AppData\Local\Programs\Eclipse Adoptium\jdk-17.0.6.10-hotspot\bin\server

VM Arguments:
jvm_args: -Dfile.encoding=UTF-8 --module-path=C:\Users\HP\OneDrive\Documents\NetBeansProjects\Perpustakaan\build\classes 
java_command: View.ViewUser
java_class_path (initial): C:\Users\HP\Downloads\mysql-connector-j-8.0.33\mysql-connector-j-8.0.33\mysql-connector-j-8.0.33.jar;C:\Users\HP\OneDrive\Documents\NetBeansProjects\Perpustakaan\build\classes
Launcher Type: SUN_STANDARD

[Global flags]
     intx CICompilerCount                          = 3                                         {product} {ergonomic}
     uint ConcGCThreads                            = 1                                         {product} {ergonomic}
     uint G1ConcRefinementThreads                  = 4                                         {product} {ergonomic}
   size_t G1HeapRegionSize                         = 1048576                                   {product} {ergonomic}
    uintx GCDrainStackTargetSize                   = 64                                        {product} {ergonomic}
   size_t InitialHeapSize                          = 100663296                                 {product} {ergonomic}
   size_t MarkStackSize                            = 4194304                                   {product} {ergonomic}
   size_t MaxHeapSize                              = 1589641216                                {product} {ergonomic}
   size_t MinHeapDeltaBytes                        = 1048576                                   {product} {ergonomic}
   size_t MinHeapSize                              = 8388608                                   {product} {ergonomic}
    uintx NonNMethodCodeHeapSize                   = 5832780                                {pd product} {ergonomic}
    uintx NonProfiledCodeHeapSize                  = 122912730                              {pd product} {ergonomic}
    uintx ProfiledCodeHeapSize                     = 122912730                              {pd product} {ergonomic}
    uintx ReservedCodeCacheSize                    = 251658240                              {pd product} {ergonomic}
     bool SegmentedCodeCache                       = true                                      {product} {ergonomic}
   size_t SoftMaxHeapSize                          = 1589641216                             {manageable} {ergonomic}
     bool UseCompressedClassPointers               = true                           {product lp64_product} {ergonomic}
     bool UseCompressedOops                        = true                           {product lp64_product} {ergonomic}
     bool UseG1GC                                  = true                                      {product} {ergonomic}
     bool UseLargePagesIndividualAllocation        = false                                  {pd product} {ergonomic}

Logging:
Log output configuration:
 #0: stdout all=warning uptime,level,tags
 #1: stderr all=off uptime,level,tags

Environment Variables:
JAVA_HOME=C:\Users\HP\AppData\Local\Programs\Eclipse Adoptium\jdk-17.0.6.10-hotspot\
PATH=C:\Program Files (x86)\Common Files\Oracle\Java\javapath;C:\WINDOWS\system32;C:\WINDOWS;C:\WINDOWS\System32\Wbem;C:\WINDOWS\System32\WindowsPowerShell\v1.0\;C:\WINDOWS\System32\OpenSSH\;C:\TDM-GCC-64\bin;C:\Program Files\IBM\SPSS\Statistics\25\JRE\bin;C:\xampp\mysql\bin;C:\Program Files\nodejs\;C:\xampp\php;C:\ProgramData\ComposerSetup\bin;C:\Program Files\Git\cmd;C:\Program Files\Polyspace\R2019a\runtime\win64;C:\Program Files\Polyspace\R2019a\bin;C:\Program Files\Polyspace\R2019a\polyspace\bin;C:\Users\HP\AppData\Local\Programs\Eclipse Adoptium\jdk-17.0.6.10-hotspot\bin;C:\Users\HP\AppData\Local\Programs\Python\Python310\Scripts\;C:\Users\HP\AppData\Local\Programs\Python\Python310\;C:\Users\HP\AppData\Local\Microsoft\WindowsApps;;C:\Users\HP\AppData\Local\Programs\Microsoft VS Code\bin;C:\Users\HP\AppData\Roaming\npm;C:\Users\HP\AppData\Roaming\Composer\vendor\bin
USERNAME=HP
OS=Windows_NT
PROCESSOR_IDENTIFIER=AMD64 Family 23 Model 24 Stepping 1, AuthenticAMD
TMP=C:\Users\HP\AppData\Local\Temp
TEMP=C:\Users\HP\AppData\Local\Temp



---------------  S Y S T E M  ---------------

OS:
 Windows 11 , 64 bit Build 22621 (10.0.22621.1635)
OS uptime: 0 days 14:30 hours

CPU: total 4 (initial active 4) (4 cores per cpu, 2 threads per core) family 23 model 24 stepping 1 microcode 0x0, cx8, cmov, fxsr, ht, mmx, 3dnowpref, sse, sse2, sse3, ssse3, sse4a, sse4.1, sse4.2, popcnt, lzcnt, tsc, tscinvbit, avx, avx2, aes, clmul, bmi1, bmi2, adx, sha, fma, vzeroupper, clflush, clflushopt

Memory: 4k page, system-wide physical 6058M (321M free)
TotalPageFile size 24490M (AvailPageFile size 49M)
current process WorkingSet (physical memory assigned to process): 11M, peak: 11M
current process commit charge ("private bytes"): 51M, peak: 147M

vm_info: OpenJDK 64-Bit Server VM (17.0.6+10) for windows-amd64 JRE (17.0.6+10), built on Jan 18 2023 10:08:59 by "temurin" with MS VC++ 16.7 (VS2019)

END.
